2023-04-04T15:46:43.863+02:00  INFO 4588 --- [main] c.s.e.api.UserControllerIntegrationTest  : Starting UserControllerIntegrationTest using Java 17.0.6 with PID 4588 (started by JorisC in C:\_development\switchfully\spring-boot-projects\eurder)
2023-04-04T15:46:43.871+02:00  INFO 4588 --- [main] c.s.e.api.UserControllerIntegrationTest  : No active profile set, falling back to 1 default profile: "default"
2023-04-04T15:46:45.432+02:00  INFO 4588 --- [main] o.s.b.w.embedded.tomcat.TomcatWebServer  : Tomcat initialized with port(s): 0 (http)
2023-04-04T15:46:45.443+02:00  INFO 4588 --- [main] o.apache.catalina.core.StandardService   : Starting service [Tomcat]
2023-04-04T15:46:45.443+02:00  INFO 4588 --- [main] o.apache.catalina.core.StandardEngine    : Starting Servlet engine: [Apache Tomcat/10.1.7]
2023-04-04T15:46:45.554+02:00  INFO 4588 --- [main] o.a.c.c.C.[Tomcat].[localhost].[/]       : Initializing Spring embedded WebApplicationContext
2023-04-04T15:46:45.554+02:00  INFO 4588 --- [main] w.s.c.ServletWebServerApplicationContext : Root WebApplicationContext: initialization completed in 1424 ms
2023-04-04T15:46:46.636+02:00  INFO 4588 --- [main] o.s.b.w.embedded.tomcat.TomcatWebServer  : Tomcat started on port(s): 59607 (http) with context path ''
2023-04-04T15:46:46.645+02:00  INFO 4588 --- [main] c.s.e.api.UserControllerIntegrationTest  : Started UserControllerIntegrationTest in 3.079 seconds (process running for 4.159)
2023-04-04T15:46:47.879+02:00  INFO 4588 --- [http-nio-auto-1-exec-1] o.a.c.c.C.[Tomcat].[localhost].[/]       : Initializing Spring DispatcherServlet 'dispatcherServlet'
2023-04-04T15:46:47.879+02:00  INFO 4588 --- [http-nio-auto-1-exec-1] o.s.web.servlet.DispatcherServlet        : Initializing Servlet 'dispatcherServlet'
2023-04-04T15:46:47.880+02:00  INFO 4588 --- [http-nio-auto-1-exec-1] o.s.web.servlet.DispatcherServlet        : Completed initialization in 1 ms
2023-04-04T15:46:47.909+02:00  INFO 4588 --- [http-nio-auto-1-exec-1] c.switchfully.eurder.api.UserController  : Handler method showCustomerById is called
2023-04-04T15:55:26.682+02:00  INFO 6864 --- [main] c.s.e.api.UserControllerIntegrationTest  : Starting UserControllerIntegrationTest using Java 17.0.6 with PID 6864 (started by JorisC in C:\_development\switchfully\spring-boot-projects\eurder)
2023-04-04T15:55:26.684+02:00  INFO 6864 --- [main] c.s.e.api.UserControllerIntegrationTest  : No active profile set, falling back to 1 default profile: "default"
2023-04-04T15:55:27.825+02:00  INFO 6864 --- [main] o.s.b.w.embedded.tomcat.TomcatWebServer  : Tomcat initialized with port(s): 0 (http)
2023-04-04T15:55:27.835+02:00  INFO 6864 --- [main] o.apache.catalina.core.StandardService   : Starting service [Tomcat]
2023-04-04T15:55:27.835+02:00  INFO 6864 --- [main] o.apache.catalina.core.StandardEngine    : Starting Servlet engine: [Apache Tomcat/10.1.7]
2023-04-04T15:55:27.934+02:00  INFO 6864 --- [main] o.a.c.c.C.[Tomcat].[localhost].[/]       : Initializing Spring embedded WebApplicationContext
2023-04-04T15:55:27.934+02:00  INFO 6864 --- [main] w.s.c.ServletWebServerApplicationContext : Root WebApplicationContext: initialization completed in 1057 ms
2023-04-04T15:55:28.946+02:00  INFO 6864 --- [main] o.s.b.w.embedded.tomcat.TomcatWebServer  : Tomcat started on port(s): 59697 (http) with context path ''
2023-04-04T15:55:28.955+02:00  INFO 6864 --- [main] c.s.e.api.UserControllerIntegrationTest  : Started UserControllerIntegrationTest in 2.564 seconds (process running for 3.474)
2023-04-04T15:55:30.179+02:00  INFO 6864 --- [http-nio-auto-1-exec-3] o.a.c.c.C.[Tomcat].[localhost].[/]       : Initializing Spring DispatcherServlet 'dispatcherServlet'
2023-04-04T15:55:30.180+02:00  INFO 6864 --- [http-nio-auto-1-exec-3] o.s.web.servlet.DispatcherServlet        : Initializing Servlet 'dispatcherServlet'
2023-04-04T15:55:30.181+02:00  INFO 6864 --- [http-nio-auto-1-exec-3] o.s.web.servlet.DispatcherServlet        : Completed initialization in 0 ms
2023-04-04T15:55:43.685+02:00  INFO 1364 --- [main] c.s.e.api.UserControllerIntegrationTest  : Starting UserControllerIntegrationTest using Java 17.0.6 with PID 1364 (started by JorisC in C:\_development\switchfully\spring-boot-projects\eurder)
2023-04-04T15:55:43.686+02:00  INFO 1364 --- [main] c.s.e.api.UserControllerIntegrationTest  : No active profile set, falling back to 1 default profile: "default"
2023-04-04T15:55:44.829+02:00  INFO 1364 --- [main] o.s.b.w.embedded.tomcat.TomcatWebServer  : Tomcat initialized with port(s): 0 (http)
2023-04-04T15:55:44.839+02:00  INFO 1364 --- [main] o.apache.catalina.core.StandardService   : Starting service [Tomcat]
2023-04-04T15:55:44.839+02:00  INFO 1364 --- [main] o.apache.catalina.core.StandardEngine    : Starting Servlet engine: [Apache Tomcat/10.1.7]
2023-04-04T15:55:44.941+02:00  INFO 1364 --- [main] o.a.c.c.C.[Tomcat].[localhost].[/]       : Initializing Spring embedded WebApplicationContext
2023-04-04T15:55:44.942+02:00  INFO 1364 --- [main] w.s.c.ServletWebServerApplicationContext : Root WebApplicationContext: initialization completed in 1065 ms
2023-04-04T15:55:45.935+02:00  INFO 1364 --- [main] o.s.b.w.embedded.tomcat.TomcatWebServer  : Tomcat started on port(s): 59705 (http) with context path ''
2023-04-04T15:55:45.945+02:00  INFO 1364 --- [main] c.s.e.api.UserControllerIntegrationTest  : Started UserControllerIntegrationTest in 2.533 seconds (process running for 3.467)
2023-04-04T15:55:47.196+02:00  INFO 1364 --- [http-nio-auto-1-exec-1] o.a.c.c.C.[Tomcat].[localhost].[/]       : Initializing Spring DispatcherServlet 'dispatcherServlet'
2023-04-04T15:55:47.197+02:00  INFO 1364 --- [http-nio-auto-1-exec-1] o.s.web.servlet.DispatcherServlet        : Initializing Servlet 'dispatcherServlet'
2023-04-04T15:55:47.198+02:00  INFO 1364 --- [http-nio-auto-1-exec-1] o.s.web.servlet.DispatcherServlet        : Completed initialization in 1 ms
2023-04-04T15:57:03.811+02:00  INFO 13812 --- [main] c.s.e.api.UserControllerIntegrationTest  : Starting UserControllerIntegrationTest using Java 17.0.6 with PID 13812 (started by JorisC in C:\_development\switchfully\spring-boot-projects\eurder)
2023-04-04T15:57:03.813+02:00  INFO 13812 --- [main] c.s.e.api.UserControllerIntegrationTest  : No active profile set, falling back to 1 default profile: "default"
2023-04-04T15:57:04.905+02:00  INFO 13812 --- [main] o.s.b.w.embedded.tomcat.TomcatWebServer  : Tomcat initialized with port(s): 0 (http)
2023-04-04T15:57:04.914+02:00  INFO 13812 --- [main] o.apache.catalina.core.StandardService   : Starting service [Tomcat]
2023-04-04T15:57:04.914+02:00  INFO 13812 --- [main] o.apache.catalina.core.StandardEngine    : Starting Servlet engine: [Apache Tomcat/10.1.7]
2023-04-04T15:57:05.010+02:00  INFO 13812 --- [main] o.a.c.c.C.[Tomcat].[localhost].[/]       : Initializing Spring embedded WebApplicationContext
2023-04-04T15:57:05.010+02:00  INFO 13812 --- [main] w.s.c.ServletWebServerApplicationContext : Root WebApplicationContext: initialization completed in 1007 ms
2023-04-04T15:57:06.014+02:00  INFO 13812 --- [main] o.s.b.w.embedded.tomcat.TomcatWebServer  : Tomcat started on port(s): 59719 (http) with context path ''
2023-04-04T15:57:06.023+02:00  INFO 13812 --- [main] c.s.e.api.UserControllerIntegrationTest  : Started UserControllerIntegrationTest in 2.472 seconds (process running for 3.379)
2023-04-04T15:57:07.189+02:00  INFO 13812 --- [http-nio-auto-1-exec-1] o.a.c.c.C.[Tomcat].[localhost].[/]       : Initializing Spring DispatcherServlet 'dispatcherServlet'
2023-04-04T15:57:07.190+02:00  INFO 13812 --- [http-nio-auto-1-exec-1] o.s.web.servlet.DispatcherServlet        : Initializing Servlet 'dispatcherServlet'
2023-04-04T15:57:07.190+02:00  INFO 13812 --- [http-nio-auto-1-exec-1] o.s.web.servlet.DispatcherServlet        : Completed initialization in 0 ms
2023-04-04T15:57:07.252+02:00  INFO 13812 --- [http-nio-auto-1-exec-1] c.switchfully.eurder.api.UserController  : Handler method registerNewCustomer is called
2023-04-04T15:57:07.256+02:00 ERROR 13812 --- [http-nio-auto-1-exec-1] o.a.c.c.C.[.[.[/].[dispatcherServlet]    : Servlet.service() for servlet [dispatcherServlet] in context with path [] threw exception [Request processing failed: java.lang.NullPointerException: Cannot invoke "com.switchfully.eurder.service.dtos.AddressDTO.getStreetName()" because the return value of "com.switchfully.eurder.service.dtos.CreateCustomerDTO.getAddress()" is null] with root cause

java.lang.NullPointerException: Cannot invoke "com.switchfully.eurder.service.dtos.AddressDTO.getStreetName()" because the return value of "com.switchfully.eurder.service.dtos.CreateCustomerDTO.getAddress()" is null
	at com.switchfully.eurder.service.validation.CustomerValidationAtCreationService.validateCustomerDTO(CustomerValidationAtCreationService.java:64) ~[classes/:na]
	at com.switchfully.eurder.service.validation.CustomerValidationAtCreationService.validateCustomer(CustomerValidationAtCreationService.java:23) ~[classes/:na]
	at com.switchfully.eurder.service.UserService.registerNewCustomer(UserService.java:40) ~[classes/:na]
	at com.switchfully.eurder.api.UserController.registerNewCustomer(UserController.java:40) ~[classes/:na]
	at java.base/jdk.internal.reflect.NativeMethodAccessorImpl.invoke0(Native Method) ~[na:na]
	at java.base/jdk.internal.reflect.NativeMethodAccessorImpl.invoke(NativeMethodAccessorImpl.java:77) ~[na:na]
	at java.base/jdk.internal.reflect.DelegatingMethodAccessorImpl.invoke(DelegatingMethodAccessorImpl.java:43) ~[na:na]
	at java.base/java.lang.reflect.Method.invoke(Method.java:568) ~[na:na]
	at org.springframework.web.method.support.InvocableHandlerMethod.doInvoke(InvocableHandlerMethod.java:207) ~[spring-web-6.0.7.jar:6.0.7]
	at org.springframework.web.method.support.InvocableHandlerMethod.invokeForRequest(InvocableHandlerMethod.java:152) ~[spring-web-6.0.7.jar:6.0.7]
	at org.springframework.web.servlet.mvc.method.annotation.ServletInvocableHandlerMethod.invokeAndHandle(ServletInvocableHandlerMethod.java:118) ~[spring-webmvc-6.0.7.jar:6.0.7]
	at org.springframework.web.servlet.mvc.method.annotation.RequestMappingHandlerAdapter.invokeHandlerMethod(RequestMappingHandlerAdapter.java:884) ~[spring-webmvc-6.0.7.jar:6.0.7]
	at org.springframework.web.servlet.mvc.method.annotation.RequestMappingHandlerAdapter.handleInternal(RequestMappingHandlerAdapter.java:797) ~[spring-webmvc-6.0.7.jar:6.0.7]
	at org.springframework.web.servlet.mvc.method.AbstractHandlerMethodAdapter.handle(AbstractHandlerMethodAdapter.java:87) ~[spring-webmvc-6.0.7.jar:6.0.7]
	at org.springframework.web.servlet.DispatcherServlet.doDispatch(DispatcherServlet.java:1081) ~[spring-webmvc-6.0.7.jar:6.0.7]
	at org.springframework.web.servlet.DispatcherServlet.doService(DispatcherServlet.java:974) ~[spring-webmvc-6.0.7.jar:6.0.7]
	at org.springframework.web.servlet.FrameworkServlet.processRequest(FrameworkServlet.java:1011) ~[spring-webmvc-6.0.7.jar:6.0.7]
	at org.springframework.web.servlet.FrameworkServlet.doPost(FrameworkServlet.java:914) ~[spring-webmvc-6.0.7.jar:6.0.7]
	at jakarta.servlet.http.HttpServlet.service(HttpServlet.java:563) ~[tomcat-embed-core-10.1.7.jar:6.0]
	at org.springframework.web.servlet.FrameworkServlet.service(FrameworkServlet.java:885) ~[spring-webmvc-6.0.7.jar:6.0.7]
	at jakarta.servlet.http.HttpServlet.service(HttpServlet.java:631) ~[tomcat-embed-core-10.1.7.jar:6.0]
	at org.apache.catalina.core.ApplicationFilterChain.internalDoFilter(ApplicationFilterChain.java:205) ~[tomcat-embed-core-10.1.7.jar:10.1.7]
	at org.apache.catalina.core.ApplicationFilterChain.doFilter(ApplicationFilterChain.java:149) ~[tomcat-embed-core-10.1.7.jar:10.1.7]
	at org.apache.tomcat.websocket.server.WsFilter.doFilter(WsFilter.java:53) ~[tomcat-embed-websocket-10.1.7.jar:10.1.7]
	at org.apache.catalina.core.ApplicationFilterChain.internalDoFilter(ApplicationFilterChain.java:174) ~[tomcat-embed-core-10.1.7.jar:10.1.7]
	at org.apache.catalina.core.ApplicationFilterChain.doFilter(ApplicationFilterChain.java:149) ~[tomcat-embed-core-10.1.7.jar:10.1.7]
	at org.springframework.web.filter.RequestContextFilter.doFilterInternal(RequestContextFilter.java:100) ~[spring-web-6.0.7.jar:6.0.7]
	at org.springframework.web.filter.OncePerRequestFilter.doFilter(OncePerRequestFilter.java:116) ~[spring-web-6.0.7.jar:6.0.7]
	at org.apache.catalina.core.ApplicationFilterChain.internalDoFilter(ApplicationFilterChain.java:174) ~[tomcat-embed-core-10.1.7.jar:10.1.7]
	at org.apache.catalina.core.ApplicationFilterChain.doFilter(ApplicationFilterChain.java:149) ~[tomcat-embed-core-10.1.7.jar:10.1.7]
	at org.springframework.web.filter.FormContentFilter.doFilterInternal(FormContentFilter.java:93) ~[spring-web-6.0.7.jar:6.0.7]
	at org.springframework.web.filter.OncePerRequestFilter.doFilter(OncePerRequestFilter.java:116) ~[spring-web-6.0.7.jar:6.0.7]
	at org.apache.catalina.core.ApplicationFilterChain.internalDoFilter(ApplicationFilterChain.java:174) ~[tomcat-embed-core-10.1.7.jar:10.1.7]
	at org.apache.catalina.core.ApplicationFilterChain.doFilter(ApplicationFilterChain.java:149) ~[tomcat-embed-core-10.1.7.jar:10.1.7]
	at org.springframework.web.filter.CharacterEncodingFilter.doFilterInternal(CharacterEncodingFilter.java:201) ~[spring-web-6.0.7.jar:6.0.7]
	at org.springframework.web.filter.OncePerRequestFilter.doFilter(OncePerRequestFilter.java:116) ~[spring-web-6.0.7.jar:6.0.7]
	at org.apache.catalina.core.ApplicationFilterChain.internalDoFilter(ApplicationFilterChain.java:174) ~[tomcat-embed-core-10.1.7.jar:10.1.7]
	at org.apache.catalina.core.ApplicationFilterChain.doFilter(ApplicationFilterChain.java:149) ~[tomcat-embed-core-10.1.7.jar:10.1.7]
	at org.apache.catalina.core.StandardWrapperValve.invoke(StandardWrapperValve.java:166) ~[tomcat-embed-core-10.1.7.jar:10.1.7]
	at org.apache.catalina.core.StandardContextValve.invoke(StandardContextValve.java:90) ~[tomcat-embed-core-10.1.7.jar:10.1.7]
	at org.apache.catalina.authenticator.AuthenticatorBase.invoke(AuthenticatorBase.java:493) ~[tomcat-embed-core-10.1.7.jar:10.1.7]
	at org.apache.catalina.core.StandardHostValve.invoke(StandardHostValve.java:115) ~[tomcat-embed-core-10.1.7.jar:10.1.7]
	at org.apache.catalina.valves.ErrorReportValve.invoke(ErrorReportValve.java:93) ~[tomcat-embed-core-10.1.7.jar:10.1.7]
	at org.apache.catalina.core.StandardEngineValve.invoke(StandardEngineValve.java:74) ~[tomcat-embed-core-10.1.7.jar:10.1.7]
	at org.apache.catalina.connector.CoyoteAdapter.service(CoyoteAdapter.java:341) ~[tomcat-embed-core-10.1.7.jar:10.1.7]
	at org.apache.coyote.http11.Http11Processor.service(Http11Processor.java:390) ~[tomcat-embed-core-10.1.7.jar:10.1.7]
	at org.apache.coyote.AbstractProcessorLight.process(AbstractProcessorLight.java:63) ~[tomcat-embed-core-10.1.7.jar:10.1.7]
	at org.apache.coyote.AbstractProtocol$ConnectionHandler.process(AbstractProtocol.java:894) ~[tomcat-embed-core-10.1.7.jar:10.1.7]
	at org.apache.tomcat.util.net.NioEndpoint$SocketProcessor.doRun(NioEndpoint.java:1741) ~[tomcat-embed-core-10.1.7.jar:10.1.7]
	at org.apache.tomcat.util.net.SocketProcessorBase.run(SocketProcessorBase.java:52) ~[tomcat-embed-core-10.1.7.jar:10.1.7]
	at org.apache.tomcat.util.threads.ThreadPoolExecutor.runWorker(ThreadPoolExecutor.java:1191) ~[tomcat-embed-core-10.1.7.jar:10.1.7]
	at org.apache.tomcat.util.threads.ThreadPoolExecutor$Worker.run(ThreadPoolExecutor.java:659) ~[tomcat-embed-core-10.1.7.jar:10.1.7]
	at org.apache.tomcat.util.threads.TaskThread$WrappingRunnable.run(TaskThread.java:61) ~[tomcat-embed-core-10.1.7.jar:10.1.7]
	at java.base/java.lang.Thread.run(Thread.java:833) ~[na:na]

2023-04-04T15:57:58.781+02:00  INFO 13688 --- [main] c.s.e.api.UserControllerIntegrationTest  : Starting UserControllerIntegrationTest using Java 17.0.6 with PID 13688 (started by JorisC in C:\_development\switchfully\spring-boot-projects\eurder)
2023-04-04T15:57:58.782+02:00  INFO 13688 --- [main] c.s.e.api.UserControllerIntegrationTest  : No active profile set, falling back to 1 default profile: "default"
2023-04-04T15:57:59.905+02:00  INFO 13688 --- [main] o.s.b.w.embedded.tomcat.TomcatWebServer  : Tomcat initialized with port(s): 0 (http)
2023-04-04T15:57:59.914+02:00  INFO 13688 --- [main] o.apache.catalina.core.StandardService   : Starting service [Tomcat]
2023-04-04T15:57:59.915+02:00  INFO 13688 --- [main] o.apache.catalina.core.StandardEngine    : Starting Servlet engine: [Apache Tomcat/10.1.7]
2023-04-04T15:58:00.013+02:00  INFO 13688 --- [main] o.a.c.c.C.[Tomcat].[localhost].[/]       : Initializing Spring embedded WebApplicationContext
2023-04-04T15:58:00.013+02:00  INFO 13688 --- [main] w.s.c.ServletWebServerApplicationContext : Root WebApplicationContext: initialization completed in 1030 ms
2023-04-04T15:58:00.979+02:00  INFO 13688 --- [main] o.s.b.w.embedded.tomcat.TomcatWebServer  : Tomcat started on port(s): 59733 (http) with context path ''
2023-04-04T15:58:00.989+02:00  INFO 13688 --- [main] c.s.e.api.UserControllerIntegrationTest  : Started UserControllerIntegrationTest in 2.47 seconds (process running for 3.395)
2023-04-04T15:58:02.129+02:00  INFO 13688 --- [http-nio-auto-1-exec-1] o.a.c.c.C.[Tomcat].[localhost].[/]       : Initializing Spring DispatcherServlet 'dispatcherServlet'
2023-04-04T15:58:02.129+02:00  INFO 13688 --- [http-nio-auto-1-exec-1] o.s.web.servlet.DispatcherServlet        : Initializing Servlet 'dispatcherServlet'
2023-04-04T15:58:02.130+02:00  INFO 13688 --- [http-nio-auto-1-exec-1] o.s.web.servlet.DispatcherServlet        : Completed initialization in 0 ms
2023-04-04T15:58:02.194+02:00  INFO 13688 --- [http-nio-auto-1-exec-1] c.switchfully.eurder.api.UserController  : Handler method registerNewCustomer is called
2023-04-04T16:02:18.437+02:00  INFO 8948 --- [main] c.s.e.api.UserControllerIntegrationTest  : Starting UserControllerIntegrationTest using Java 17.0.6 with PID 8948 (started by JorisC in C:\_development\switchfully\spring-boot-projects\eurder)
2023-04-04T16:02:18.438+02:00  INFO 8948 --- [main] c.s.e.api.UserControllerIntegrationTest  : No active profile set, falling back to 1 default profile: "default"
2023-04-04T16:02:19.536+02:00  INFO 8948 --- [main] o.s.b.w.embedded.tomcat.TomcatWebServer  : Tomcat initialized with port(s): 0 (http)
2023-04-04T16:02:19.545+02:00  INFO 8948 --- [main] o.apache.catalina.core.StandardService   : Starting service [Tomcat]
2023-04-04T16:02:19.546+02:00  INFO 8948 --- [main] o.apache.catalina.core.StandardEngine    : Starting Servlet engine: [Apache Tomcat/10.1.7]
2023-04-04T16:02:19.642+02:00  INFO 8948 --- [main] o.a.c.c.C.[Tomcat].[localhost].[/]       : Initializing Spring embedded WebApplicationContext
2023-04-04T16:02:19.642+02:00  INFO 8948 --- [main] w.s.c.ServletWebServerApplicationContext : Root WebApplicationContext: initialization completed in 1016 ms
2023-04-04T16:02:20.707+02:00  INFO 8948 --- [main] o.s.b.w.embedded.tomcat.TomcatWebServer  : Tomcat started on port(s): 59783 (http) with context path ''
2023-04-04T16:02:20.718+02:00  INFO 8948 --- [main] c.s.e.api.UserControllerIntegrationTest  : Started UserControllerIntegrationTest in 2.534 seconds (process running for 3.435)
2023-04-04T16:05:57.264+02:00  INFO 13020 --- [main] c.s.e.api.ItemControllerIntegrationTest  : Starting ItemControllerIntegrationTest using Java 17.0.6 with PID 13020 (started by JorisC in C:\_development\switchfully\spring-boot-projects\eurder)
2023-04-04T16:05:57.266+02:00  INFO 13020 --- [main] c.s.e.api.ItemControllerIntegrationTest  : No active profile set, falling back to 1 default profile: "default"
2023-04-04T16:05:58.335+02:00  INFO 13020 --- [main] o.s.b.w.embedded.tomcat.TomcatWebServer  : Tomcat initialized with port(s): 0 (http)
2023-04-04T16:05:58.344+02:00  INFO 13020 --- [main] o.apache.catalina.core.StandardService   : Starting service [Tomcat]
2023-04-04T16:05:58.345+02:00  INFO 13020 --- [main] o.apache.catalina.core.StandardEngine    : Starting Servlet engine: [Apache Tomcat/10.1.7]
2023-04-04T16:05:58.442+02:00  INFO 13020 --- [main] o.a.c.c.C.[Tomcat].[localhost].[/]       : Initializing Spring embedded WebApplicationContext
2023-04-04T16:05:58.442+02:00  INFO 13020 --- [main] w.s.c.ServletWebServerApplicationContext : Root WebApplicationContext: initialization completed in 988 ms
2023-04-04T16:05:59.453+02:00  INFO 13020 --- [main] o.s.b.w.embedded.tomcat.TomcatWebServer  : Tomcat started on port(s): 59802 (http) with context path ''
2023-04-04T16:05:59.463+02:00  INFO 13020 --- [main] c.s.e.api.ItemControllerIntegrationTest  : Started ItemControllerIntegrationTest in 2.462 seconds (process running for 3.381)
2023-04-04T16:13:00.629+02:00  INFO 16740 --- [main] c.s.e.api.ItemControllerIntegrationTest  : Starting ItemControllerIntegrationTest using Java 17.0.6 with PID 16740 (started by JorisC in C:\_development\switchfully\spring-boot-projects\eurder)
2023-04-04T16:13:00.630+02:00  INFO 16740 --- [main] c.s.e.api.ItemControllerIntegrationTest  : No active profile set, falling back to 1 default profile: "default"
2023-04-04T16:13:01.744+02:00  INFO 16740 --- [main] o.s.b.w.embedded.tomcat.TomcatWebServer  : Tomcat initialized with port(s): 0 (http)
2023-04-04T16:13:01.754+02:00  INFO 16740 --- [main] o.apache.catalina.core.StandardService   : Starting service [Tomcat]
2023-04-04T16:13:01.754+02:00  INFO 16740 --- [main] o.apache.catalina.core.StandardEngine    : Starting Servlet engine: [Apache Tomcat/10.1.7]
2023-04-04T16:13:01.850+02:00  INFO 16740 --- [main] o.a.c.c.C.[Tomcat].[localhost].[/]       : Initializing Spring embedded WebApplicationContext
2023-04-04T16:13:01.851+02:00  INFO 16740 --- [main] w.s.c.ServletWebServerApplicationContext : Root WebApplicationContext: initialization completed in 1034 ms
2023-04-04T16:13:02.865+02:00  INFO 16740 --- [main] o.s.b.w.embedded.tomcat.TomcatWebServer  : Tomcat started on port(s): 59855 (http) with context path ''
2023-04-04T16:13:02.874+02:00  INFO 16740 --- [main] c.s.e.api.ItemControllerIntegrationTest  : Started ItemControllerIntegrationTest in 2.509 seconds (process running for 3.42)
2023-04-04T16:13:04.202+02:00  INFO 16740 --- [http-nio-auto-1-exec-1] o.a.c.c.C.[Tomcat].[localhost].[/]       : Initializing Spring DispatcherServlet 'dispatcherServlet'
2023-04-04T16:13:04.203+02:00  INFO 16740 --- [http-nio-auto-1-exec-1] o.s.web.servlet.DispatcherServlet        : Initializing Servlet 'dispatcherServlet'
2023-04-04T16:13:04.204+02:00  INFO 16740 --- [http-nio-auto-1-exec-1] o.s.web.servlet.DispatcherServlet        : Completed initialization in 1 ms
2023-04-04T16:13:32.353+02:00  INFO 17200 --- [main] c.s.e.api.ItemControllerIntegrationTest  : Starting ItemControllerIntegrationTest using Java 17.0.6 with PID 17200 (started by JorisC in C:\_development\switchfully\spring-boot-projects\eurder)
2023-04-04T16:13:32.356+02:00  INFO 17200 --- [main] c.s.e.api.ItemControllerIntegrationTest  : No active profile set, falling back to 1 default profile: "default"
2023-04-04T16:13:33.465+02:00  INFO 17200 --- [main] o.s.b.w.embedded.tomcat.TomcatWebServer  : Tomcat initialized with port(s): 0 (http)
2023-04-04T16:13:33.476+02:00  INFO 17200 --- [main] o.apache.catalina.core.StandardService   : Starting service [Tomcat]
2023-04-04T16:13:33.477+02:00  INFO 17200 --- [main] o.apache.catalina.core.StandardEngine    : Starting Servlet engine: [Apache Tomcat/10.1.7]
2023-04-04T16:13:33.581+02:00  INFO 17200 --- [main] o.a.c.c.C.[Tomcat].[localhost].[/]       : Initializing Spring embedded WebApplicationContext
2023-04-04T16:13:33.582+02:00  INFO 17200 --- [main] w.s.c.ServletWebServerApplicationContext : Root WebApplicationContext: initialization completed in 1038 ms
2023-04-04T16:13:34.626+02:00  INFO 17200 --- [main] o.s.b.w.embedded.tomcat.TomcatWebServer  : Tomcat started on port(s): 59866 (http) with context path ''
2023-04-04T16:13:34.635+02:00  INFO 17200 --- [main] c.s.e.api.ItemControllerIntegrationTest  : Started ItemControllerIntegrationTest in 2.548 seconds (process running for 3.477)
2023-04-04T16:13:35.929+02:00  INFO 17200 --- [http-nio-auto-1-exec-1] o.a.c.c.C.[Tomcat].[localhost].[/]       : Initializing Spring DispatcherServlet 'dispatcherServlet'
2023-04-04T16:13:35.929+02:00  INFO 17200 --- [http-nio-auto-1-exec-1] o.s.web.servlet.DispatcherServlet        : Initializing Servlet 'dispatcherServlet'
2023-04-04T16:13:35.930+02:00  INFO 17200 --- [http-nio-auto-1-exec-1] o.s.web.servlet.DispatcherServlet        : Completed initialization in 1 ms
2023-04-04T16:13:36.007+02:00  INFO 17200 --- [http-nio-auto-1-exec-1] c.switchfully.eurder.api.UserController  : Handler method AddNewItem is called
2023-04-04T16:17:07.842+02:00  INFO 21700 --- [main] c.s.e.api.ItemControllerIntegrationTest  : Starting ItemControllerIntegrationTest using Java 17.0.6 with PID 21700 (started by JorisC in C:\_development\switchfully\spring-boot-projects\eurder)
2023-04-04T16:17:07.844+02:00  INFO 21700 --- [main] c.s.e.api.ItemControllerIntegrationTest  : No active profile set, falling back to 1 default profile: "default"
2023-04-04T16:17:08.942+02:00  INFO 21700 --- [main] o.s.b.w.embedded.tomcat.TomcatWebServer  : Tomcat initialized with port(s): 0 (http)
2023-04-04T16:17:08.952+02:00  INFO 21700 --- [main] o.apache.catalina.core.StandardService   : Starting service [Tomcat]
2023-04-04T16:17:08.952+02:00  INFO 21700 --- [main] o.apache.catalina.core.StandardEngine    : Starting Servlet engine: [Apache Tomcat/10.1.7]
2023-04-04T16:17:09.047+02:00  INFO 21700 --- [main] o.a.c.c.C.[Tomcat].[localhost].[/]       : Initializing Spring embedded WebApplicationContext
2023-04-04T16:17:09.048+02:00  INFO 21700 --- [main] w.s.c.ServletWebServerApplicationContext : Root WebApplicationContext: initialization completed in 1022 ms
2023-04-04T16:17:10.028+02:00  INFO 21700 --- [main] o.s.b.w.embedded.tomcat.TomcatWebServer  : Tomcat started on port(s): 59891 (http) with context path ''
2023-04-04T16:17:10.038+02:00  INFO 21700 --- [main] c.s.e.api.ItemControllerIntegrationTest  : Started ItemControllerIntegrationTest in 2.453 seconds (process running for 3.356)
2023-04-04T16:17:11.271+02:00  INFO 21700 --- [http-nio-auto-1-exec-1] o.a.c.c.C.[Tomcat].[localhost].[/]       : Initializing Spring DispatcherServlet 'dispatcherServlet'
2023-04-04T16:17:11.272+02:00  INFO 21700 --- [http-nio-auto-1-exec-1] o.s.web.servlet.DispatcherServlet        : Initializing Servlet 'dispatcherServlet'
2023-04-04T16:17:11.273+02:00  INFO 21700 --- [http-nio-auto-1-exec-1] o.s.web.servlet.DispatcherServlet        : Completed initialization in 1 ms
2023-04-04T16:17:11.348+02:00  INFO 21700 --- [http-nio-auto-1-exec-1] c.switchfully.eurder.api.UserController  : Handler method AddNewItem is called
2023-04-04T16:18:42.393+02:00  INFO 1168 --- [main] c.s.e.api.ItemControllerIntegrationTest  : Starting ItemControllerIntegrationTest using Java 17.0.6 with PID 1168 (started by JorisC in C:\_development\switchfully\spring-boot-projects\eurder)
2023-04-04T16:18:42.394+02:00  INFO 1168 --- [main] c.s.e.api.ItemControllerIntegrationTest  : No active profile set, falling back to 1 default profile: "default"
2023-04-04T16:18:43.475+02:00  INFO 1168 --- [main] o.s.b.w.embedded.tomcat.TomcatWebServer  : Tomcat initialized with port(s): 0 (http)
2023-04-04T16:18:43.484+02:00  INFO 1168 --- [main] o.apache.catalina.core.StandardService   : Starting service [Tomcat]
2023-04-04T16:18:43.485+02:00  INFO 1168 --- [main] o.apache.catalina.core.StandardEngine    : Starting Servlet engine: [Apache Tomcat/10.1.7]
2023-04-04T16:18:43.582+02:00  INFO 1168 --- [main] o.a.c.c.C.[Tomcat].[localhost].[/]       : Initializing Spring embedded WebApplicationContext
2023-04-04T16:18:43.583+02:00  INFO 1168 --- [main] w.s.c.ServletWebServerApplicationContext : Root WebApplicationContext: initialization completed in 1003 ms
2023-04-04T16:18:44.615+02:00  INFO 1168 --- [main] o.s.b.w.embedded.tomcat.TomcatWebServer  : Tomcat started on port(s): 59901 (http) with context path ''
2023-04-04T16:18:44.627+02:00  INFO 1168 --- [main] c.s.e.api.ItemControllerIntegrationTest  : Started ItemControllerIntegrationTest in 2.489 seconds (process running for 3.396)
2023-04-04T16:18:45.888+02:00  INFO 1168 --- [http-nio-auto-1-exec-1] o.a.c.c.C.[Tomcat].[localhost].[/]       : Initializing Spring DispatcherServlet 'dispatcherServlet'
2023-04-04T16:18:45.888+02:00  INFO 1168 --- [http-nio-auto-1-exec-1] o.s.web.servlet.DispatcherServlet        : Initializing Servlet 'dispatcherServlet'
2023-04-04T16:18:45.889+02:00  INFO 1168 --- [http-nio-auto-1-exec-1] o.s.web.servlet.DispatcherServlet        : Completed initialization in 1 ms
2023-04-04T16:18:45.960+02:00  INFO 1168 --- [http-nio-auto-1-exec-1] c.switchfully.eurder.api.UserController  : Handler method AddNewItem is called
2023-04-04T16:20:56.365+02:00  INFO 15140 --- [main] c.s.e.api.ItemControllerIntegrationTest  : Starting ItemControllerIntegrationTest using Java 17.0.6 with PID 15140 (started by JorisC in C:\_development\switchfully\spring-boot-projects\eurder)
2023-04-04T16:20:56.367+02:00  INFO 15140 --- [main] c.s.e.api.ItemControllerIntegrationTest  : No active profile set, falling back to 1 default profile: "default"
2023-04-04T16:20:57.497+02:00  INFO 15140 --- [main] o.s.b.w.embedded.tomcat.TomcatWebServer  : Tomcat initialized with port(s): 0 (http)
2023-04-04T16:20:57.509+02:00  INFO 15140 --- [main] o.apache.catalina.core.StandardService   : Starting service [Tomcat]
2023-04-04T16:20:57.510+02:00  INFO 15140 --- [main] o.apache.catalina.core.StandardEngine    : Starting Servlet engine: [Apache Tomcat/10.1.7]
2023-04-04T16:20:57.617+02:00  INFO 15140 --- [main] o.a.c.c.C.[Tomcat].[localhost].[/]       : Initializing Spring embedded WebApplicationContext
2023-04-04T16:20:57.617+02:00  INFO 15140 --- [main] w.s.c.ServletWebServerApplicationContext : Root WebApplicationContext: initialization completed in 1052 ms
2023-04-04T16:20:58.657+02:00  INFO 15140 --- [main] o.s.b.w.embedded.tomcat.TomcatWebServer  : Tomcat started on port(s): 59917 (http) with context path ''
2023-04-04T16:20:58.667+02:00  INFO 15140 --- [main] c.s.e.api.ItemControllerIntegrationTest  : Started ItemControllerIntegrationTest in 2.562 seconds (process running for 3.474)
2023-04-04T16:20:59.957+02:00  INFO 15140 --- [http-nio-auto-1-exec-1] o.a.c.c.C.[Tomcat].[localhost].[/]       : Initializing Spring DispatcherServlet 'dispatcherServlet'
2023-04-04T16:20:59.958+02:00  INFO 15140 --- [http-nio-auto-1-exec-1] o.s.web.servlet.DispatcherServlet        : Initializing Servlet 'dispatcherServlet'
2023-04-04T16:20:59.960+02:00  INFO 15140 --- [http-nio-auto-1-exec-1] o.s.web.servlet.DispatcherServlet        : Completed initialization in 1 ms
2023-04-04T16:21:00.042+02:00  INFO 15140 --- [http-nio-auto-1-exec-1] c.switchfully.eurder.api.UserController  : Handler method AddNewItem is called
